[2024-03-06T05:12:11.301+0000] {processor.py:161} INFO - Started process (PID=268) to work on /home/airflow/.local/lib/python3.11/site-packages/airflow/example_dags/example_datasets.py
[2024-03-06T05:12:11.303+0000] {processor.py:830} INFO - Processing file /home/airflow/.local/lib/python3.11/site-packages/airflow/example_dags/example_datasets.py for tasks to queue
[2024-03-06T05:12:11.304+0000] {logging_mixin.py:188} INFO - [2024-03-06T05:12:11.303+0000] {dagbag.py:540} INFO - Filling up the DagBag from /home/airflow/.local/lib/python3.11/site-packages/airflow/example_dags/example_datasets.py
[2024-03-06T05:12:11.314+0000] {processor.py:840} INFO - DAG(s) 'dataset_consumes_1_and_2', 'dataset_produces_2', 'dataset_consumes_unknown_never_scheduled', 'dataset_consumes_1_never_scheduled', 'dataset_produces_1', 'dataset_consumes_1' retrieved from /home/airflow/.local/lib/python3.11/site-packages/airflow/example_dags/example_datasets.py
[2024-03-06T05:12:11.327+0000] {logging_mixin.py:188} INFO - [2024-03-06T05:12:11.327+0000] {dag.py:3047} INFO - Sync 6 DAGs
[2024-03-06T05:12:11.448+0000] {logging_mixin.py:188} INFO - [2024-03-06T05:12:11.448+0000] {dag.py:3834} INFO - Setting next_dagrun for dataset_consumes_1 to None, run_after=None
[2024-03-06T05:12:11.450+0000] {logging_mixin.py:188} INFO - [2024-03-06T05:12:11.450+0000] {dag.py:3834} INFO - Setting next_dagrun for dataset_consumes_1_and_2 to None, run_after=None
[2024-03-06T05:12:11.451+0000] {logging_mixin.py:188} INFO - [2024-03-06T05:12:11.451+0000] {dag.py:3834} INFO - Setting next_dagrun for dataset_consumes_1_never_scheduled to None, run_after=None
[2024-03-06T05:12:11.452+0000] {logging_mixin.py:188} INFO - [2024-03-06T05:12:11.452+0000] {dag.py:3834} INFO - Setting next_dagrun for dataset_consumes_unknown_never_scheduled to None, run_after=None
[2024-03-06T05:12:11.454+0000] {logging_mixin.py:188} INFO - [2024-03-06T05:12:11.454+0000] {dag.py:3834} INFO - Setting next_dagrun for dataset_produces_1 to 2024-03-05 00:00:00+00:00, run_after=2024-03-06 00:00:00+00:00
[2024-03-06T05:12:11.455+0000] {logging_mixin.py:188} INFO - [2024-03-06T05:12:11.455+0000] {dag.py:3834} INFO - Setting next_dagrun for dataset_produces_2 to None, run_after=None
[2024-03-06T05:12:11.478+0000] {processor.py:183} INFO - Processing /home/airflow/.local/lib/python3.11/site-packages/airflow/example_dags/example_datasets.py took 0.179 seconds
[2024-03-06T05:12:41.861+0000] {processor.py:161} INFO - Started process (PID=515) to work on /home/airflow/.local/lib/python3.11/site-packages/airflow/example_dags/example_datasets.py
[2024-03-06T05:12:41.862+0000] {processor.py:830} INFO - Processing file /home/airflow/.local/lib/python3.11/site-packages/airflow/example_dags/example_datasets.py for tasks to queue
[2024-03-06T05:12:41.864+0000] {logging_mixin.py:188} INFO - [2024-03-06T05:12:41.863+0000] {dagbag.py:540} INFO - Filling up the DagBag from /home/airflow/.local/lib/python3.11/site-packages/airflow/example_dags/example_datasets.py
[2024-03-06T05:12:41.871+0000] {processor.py:840} INFO - DAG(s) 'dataset_produces_1', 'dataset_consumes_1', 'dataset_consumes_1_and_2', 'dataset_consumes_1_never_scheduled', 'dataset_consumes_unknown_never_scheduled', 'dataset_produces_2' retrieved from /home/airflow/.local/lib/python3.11/site-packages/airflow/example_dags/example_datasets.py
[2024-03-06T05:12:41.965+0000] {logging_mixin.py:188} INFO - [2024-03-06T05:12:41.965+0000] {dag.py:3047} INFO - Sync 6 DAGs
[2024-03-06T05:12:41.981+0000] {logging_mixin.py:188} INFO - [2024-03-06T05:12:41.981+0000] {dag.py:3834} INFO - Setting next_dagrun for dataset_consumes_1 to None, run_after=None
[2024-03-06T05:12:41.984+0000] {logging_mixin.py:188} INFO - [2024-03-06T05:12:41.984+0000] {dag.py:3834} INFO - Setting next_dagrun for dataset_consumes_1_and_2 to None, run_after=None
[2024-03-06T05:12:41.986+0000] {logging_mixin.py:188} INFO - [2024-03-06T05:12:41.986+0000] {dag.py:3834} INFO - Setting next_dagrun for dataset_consumes_1_never_scheduled to None, run_after=None
[2024-03-06T05:12:41.988+0000] {logging_mixin.py:188} INFO - [2024-03-06T05:12:41.988+0000] {dag.py:3834} INFO - Setting next_dagrun for dataset_consumes_unknown_never_scheduled to None, run_after=None
[2024-03-06T05:12:41.991+0000] {logging_mixin.py:188} INFO - [2024-03-06T05:12:41.991+0000] {dag.py:3834} INFO - Setting next_dagrun for dataset_produces_1 to 2024-03-05 00:00:00+00:00, run_after=2024-03-06 00:00:00+00:00
[2024-03-06T05:12:41.993+0000] {logging_mixin.py:188} INFO - [2024-03-06T05:12:41.993+0000] {dag.py:3834} INFO - Setting next_dagrun for dataset_produces_2 to None, run_after=None
[2024-03-06T05:12:42.022+0000] {processor.py:183} INFO - Processing /home/airflow/.local/lib/python3.11/site-packages/airflow/example_dags/example_datasets.py took 0.162 seconds
