[2024-03-06T05:12:09.827+0000] {manager.py:469} INFO - Processing files using up to 2 processes at a time 
[2024-03-06T05:12:09.828+0000] {manager.py:470} INFO - Process each file at most once every 30 seconds
[2024-03-06T05:12:09.830+0000] {manager.py:471} INFO - Checking for new files in /opt/airflow/dags every 300 seconds
[2024-03-06T05:12:09.832+0000] {manager.py:738} INFO - Searching for files in /opt/airflow/dags
[2024-03-06T05:12:09.841+0000] {manager.py:741} INFO - There are 48 files in /opt/airflow/dags
[2024-03-06T05:12:09.969+0000] {manager.py:879} INFO - 
================================================================================
DAG File Processing Stats

File Path                                                                                                                            PID  Runtime      # DAGs    # Errors  Last Runtime    Last Run
---------------------------------------------------------------------------------------------------------------------------------  -----  ---------  --------  ----------  --------------  ----------
/home/airflow/.local/lib/python3.11/site-packages/airflow/example_dags/example_sla_dag.py                                            165  0.06s             0           0
/home/airflow/.local/lib/python3.11/site-packages/airflow/example_dags/example_branch_operator_decorator.py                          168  0.05s             0           0
/home/airflow/.local/lib/python3.11/site-packages/airflow/example_dags/example_xcomargs.py                                                                  0           0
/home/airflow/.local/lib/python3.11/site-packages/airflow/example_dags/example_nested_branch_dag.py                                                         0           0
/home/airflow/.local/lib/python3.11/site-packages/airflow/example_dags/example_branch_datetime_operator.py                                                  0           0
/home/airflow/.local/lib/python3.11/site-packages/airflow/example_dags/example_trigger_target_dag.py                                                        0           0
/home/airflow/.local/lib/python3.11/site-packages/airflow/example_dags/example_subdag_operator.py                                                           0           0
/home/airflow/.local/lib/python3.11/site-packages/airflow/example_dags/example_complex.py                                                                   0           0
/home/airflow/.local/lib/python3.11/site-packages/airflow/example_dags/example_task_group_decorator.py                                                      0           0
/home/airflow/.local/lib/python3.11/site-packages/airflow/example_dags/example_short_circuit_decorator.py                                                   0           0
/home/airflow/.local/lib/python3.11/site-packages/airflow/example_dags/example_params_ui_tutorial.py                                                        0           0
/home/airflow/.local/lib/python3.11/site-packages/airflow/example_dags/example_latest_only_with_trigger.py                                                  0           0
/home/airflow/.local/lib/python3.11/site-packages/airflow/example_dags/example_params_trigger_ui.py                                                         0           0
/home/airflow/.local/lib/python3.11/site-packages/airflow/example_dags/example_latest_only.py                                                               0           0
/home/airflow/.local/lib/python3.11/site-packages/airflow/example_dags/tutorial.py                                                                          0           0
/home/airflow/.local/lib/python3.11/site-packages/airflow/example_dags/tutorial_dag.py                                                                      0           0
/home/airflow/.local/lib/python3.11/site-packages/airflow/example_dags/example_dynamic_task_mapping.py                                                      0           0
/home/airflow/.local/lib/python3.11/site-packages/airflow/example_dags/example_xcom.py                                                                      0           0
/home/airflow/.local/lib/python3.11/site-packages/airflow/example_dags/example_python_operator.py                                                           0           0
/home/airflow/.local/lib/python3.11/site-packages/airflow/example_dags/example_branch_operator.py                                                           0           0
/home/airflow/.local/lib/python3.11/site-packages/airflow/example_dags/example_passing_params_via_test_command.py                                           0           0
/home/airflow/.local/lib/python3.11/site-packages/airflow/example_dags/example_datasets.py                                                                  0           0
/home/airflow/.local/lib/python3.11/site-packages/airflow/example_dags/example_sensors.py                                                                   0           0
/home/airflow/.local/lib/python3.11/site-packages/airflow/example_dags/example_task_group.py                                                                0           0
/home/airflow/.local/lib/python3.11/site-packages/airflow/example_dags/example_dag_decorator.py                                                             0           0
/home/airflow/.local/lib/python3.11/site-packages/airflow/example_dags/example_trigger_controller_dag.py                                                    0           0
/home/airflow/.local/lib/python3.11/site-packages/airflow/example_dags/example_bash_operator.py                                                             0           0
/home/airflow/.local/lib/python3.11/site-packages/airflow/example_dags/tutorial_taskflow_api.py                                                             0           0
/home/airflow/.local/lib/python3.11/site-packages/airflow/example_dags/example_setup_teardown.py                                                            0           0
/home/airflow/.local/lib/python3.11/site-packages/airflow/example_dags/example_branch_labels.py                                                             0           0
/home/airflow/.local/lib/python3.11/site-packages/airflow/example_dags/example_local_kubernetes_executor.py                                                 0           0
/home/airflow/.local/lib/python3.11/site-packages/airflow/example_dags/tutorial_objectstorage.py                                                            0           0
/home/airflow/.local/lib/python3.11/site-packages/airflow/example_dags/example_dynamic_task_mapping_with_no_taskflow_operators.py                           0           0
/home/airflow/.local/lib/python3.11/site-packages/airflow/example_dags/example_external_task_marker_dag.py                                                  0           0
/home/airflow/.local/lib/python3.11/site-packages/airflow/example_dags/example_skip_dag.py                                                                  0           0
/home/airflow/.local/lib/python3.11/site-packages/airflow/example_dags/example_sensor_decorator.py                                                          0           0
/home/airflow/.local/lib/python3.11/site-packages/airflow/example_dags/example_time_delta_sensor_async.py                                                   0           0
/home/airflow/.local/lib/python3.11/site-packages/airflow/example_dags/example_setup_teardown_taskflow.py                                                   0           0
/home/airflow/.local/lib/python3.11/site-packages/airflow/example_dags/example_python_decorator.py                                                          0           0
/home/airflow/.local/lib/python3.11/site-packages/airflow/example_dags/example_branch_python_dop_operator_3.py                                              0           0
/home/airflow/.local/lib/python3.11/site-packages/airflow/example_dags/example_branch_day_of_week_operator.py                                               0           0
/home/airflow/.local/lib/python3.11/site-packages/airflow/example_dags/example_short_circuit_operator.py                                                    0           0
/home/airflow/.local/lib/python3.11/site-packages/airflow/example_dags/tutorial_taskflow_api_virtualenv.py                                                  0           0
/home/airflow/.local/lib/python3.11/site-packages/airflow/example_dags/example_kubernetes_executor.py                                                       0           0
/home/airflow/.local/lib/python3.11/site-packages/airflow/example_dags/subdags/subdag.py                                                                    0           0
/home/airflow/.local/lib/python3.11/site-packages/airflow/example_dags/plugins/listener_plugin.py                                                           0           0
/home/airflow/.local/lib/python3.11/site-packages/airflow/example_dags/plugins/event_listener.py                                                            0           0
/home/airflow/.local/lib/python3.11/site-packages/airflow/example_dags/plugins/workday.py                                                                   0           0
================================================================================
[2024-03-06T05:12:40.151+0000] {manager.py:879} INFO - 
================================================================================
DAG File Processing Stats

File Path                                                                                                                            PID  Runtime      # DAGs    # Errors  Last Runtime    Last Run
---------------------------------------------------------------------------------------------------------------------------------  -----  ---------  --------  ----------  --------------  -------------------
/home/airflow/.local/lib/python3.11/site-packages/airflow/example_dags/plugins/workday.py                                                                   0           0  0.80s           2024-03-06T05:12:13
/home/airflow/.local/lib/python3.11/site-packages/airflow/example_dags/example_dag_decorator.py                                                             1           0  0.27s           2024-03-06T05:12:11
/home/airflow/.local/lib/python3.11/site-packages/airflow/example_dags/tutorial.py                                                                          1           0  0.24s           2024-03-06T05:12:10
/home/airflow/.local/lib/python3.11/site-packages/airflow/example_dags/example_local_kubernetes_executor.py                                                 1           0  0.24s           2024-03-06T05:12:12
/home/airflow/.local/lib/python3.11/site-packages/airflow/example_dags/example_dynamic_task_mapping.py                                                      1           0  0.24s           2024-03-06T05:12:11
/home/airflow/.local/lib/python3.11/site-packages/airflow/example_dags/example_passing_params_via_test_command.py                                           1           0  0.21s           2024-03-06T05:12:11
/home/airflow/.local/lib/python3.11/site-packages/airflow/example_dags/example_bash_operator.py                                                             1           0  0.21s           2024-03-06T05:12:11
/home/airflow/.local/lib/python3.11/site-packages/airflow/example_dags/example_datasets.py                                                                  6           0  0.20s           2024-03-06T05:12:11
/home/airflow/.local/lib/python3.11/site-packages/airflow/example_dags/tutorial_taskflow_api.py                                                             1           0  0.19s           2024-03-06T05:12:12
/home/airflow/.local/lib/python3.11/site-packages/airflow/example_dags/example_branch_operator.py                                                           1           0  0.19s           2024-03-06T05:12:11
/home/airflow/.local/lib/python3.11/site-packages/airflow/example_dags/example_branch_labels.py                                                             1           0  0.19s           2024-03-06T05:12:12
/home/airflow/.local/lib/python3.11/site-packages/airflow/example_dags/example_setup_teardown.py                                                            1           0  0.19s           2024-03-06T05:12:12
/home/airflow/.local/lib/python3.11/site-packages/airflow/example_dags/example_task_group.py                                                                1           0  0.18s           2024-03-06T05:12:11
/home/airflow/.local/lib/python3.11/site-packages/airflow/example_dags/example_trigger_controller_dag.py                                                    1           0  0.18s           2024-03-06T05:12:11
/home/airflow/.local/lib/python3.11/site-packages/airflow/example_dags/example_xcom.py                                                                      1           0  0.18s           2024-03-06T05:12:11
/home/airflow/.local/lib/python3.11/site-packages/airflow/example_dags/example_sensors.py                                                                   1           0  0.16s           2024-03-06T05:12:11
/home/airflow/.local/lib/python3.11/site-packages/airflow/example_dags/example_sla_dag.py                                            412  0.03s             1           0  0.14s           2024-03-06T05:12:10
/home/airflow/.local/lib/python3.11/site-packages/airflow/example_dags/example_branch_operator_decorator.py                          415  0.00s             1           0  0.14s           2024-03-06T05:12:10
/home/airflow/.local/lib/python3.11/site-packages/airflow/example_dags/example_short_circuit_decorator.py                                                   1           0  0.13s           2024-03-06T05:12:10
/home/airflow/.local/lib/python3.11/site-packages/airflow/example_dags/example_subdag_operator.py                                                           3           0  0.09s           2024-03-06T05:12:10
/home/airflow/.local/lib/python3.11/site-packages/airflow/example_dags/example_branch_datetime_operator.py                                                  3           0  0.09s           2024-03-06T05:12:10
/home/airflow/.local/lib/python3.11/site-packages/airflow/example_dags/example_latest_only.py                                                               1           0  0.08s           2024-03-06T05:12:10
/home/airflow/.local/lib/python3.11/site-packages/airflow/example_dags/example_params_trigger_ui.py                                                         1           0  0.08s           2024-03-06T05:12:10
/home/airflow/.local/lib/python3.11/site-packages/airflow/example_dags/example_branch_day_of_week_operator.py                                               1           0  0.08s           2024-03-06T05:12:12
/home/airflow/.local/lib/python3.11/site-packages/airflow/example_dags/example_nested_branch_dag.py                                                         1           0  0.08s           2024-03-06T05:12:10
/home/airflow/.local/lib/python3.11/site-packages/airflow/example_dags/example_dynamic_task_mapping_with_no_taskflow_operators.py                           1           0  0.08s           2024-03-06T05:12:12
/home/airflow/.local/lib/python3.11/site-packages/airflow/example_dags/example_setup_teardown_taskflow.py                                                   1           0  0.07s           2024-03-06T05:12:12
/home/airflow/.local/lib/python3.11/site-packages/airflow/example_dags/example_branch_python_dop_operator_3.py                                              1           0  0.07s           2024-03-06T05:12:12
/home/airflow/.local/lib/python3.11/site-packages/airflow/example_dags/example_short_circuit_operator.py                                                    1           0  0.07s           2024-03-06T05:12:12
/home/airflow/.local/lib/python3.11/site-packages/airflow/example_dags/example_sensor_decorator.py                                                          1           0  0.07s           2024-03-06T05:12:12
/home/airflow/.local/lib/python3.11/site-packages/airflow/example_dags/example_task_group_decorator.py                                                      1           0  0.07s           2024-03-06T05:12:10
/home/airflow/.local/lib/python3.11/site-packages/airflow/example_dags/example_latest_only_with_trigger.py                                                  1           0  0.07s           2024-03-06T05:12:10
/home/airflow/.local/lib/python3.11/site-packages/airflow/example_dags/example_xcomargs.py                                                                  2           0  0.07s           2024-03-06T05:12:10
/home/airflow/.local/lib/python3.11/site-packages/airflow/example_dags/tutorial_taskflow_api_virtualenv.py                                                  1           0  0.07s           2024-03-06T05:12:13
/home/airflow/.local/lib/python3.11/site-packages/airflow/example_dags/example_python_operator.py                                                           1           0  0.07s           2024-03-06T05:12:11
/home/airflow/.local/lib/python3.11/site-packages/airflow/example_dags/example_time_delta_sensor_async.py                                                   1           0  0.07s           2024-03-06T05:12:12
/home/airflow/.local/lib/python3.11/site-packages/airflow/example_dags/example_skip_dag.py                                                                  1           0  0.07s           2024-03-06T05:12:12
/home/airflow/.local/lib/python3.11/site-packages/airflow/example_dags/tutorial_dag.py                                                                      1           0  0.07s           2024-03-06T05:12:10
/home/airflow/.local/lib/python3.11/site-packages/airflow/example_dags/tutorial_objectstorage.py                                                            1           0  0.07s           2024-03-06T05:12:12
/home/airflow/.local/lib/python3.11/site-packages/airflow/example_dags/example_trigger_target_dag.py                                                        1           0  0.06s           2024-03-06T05:12:10
/home/airflow/.local/lib/python3.11/site-packages/airflow/example_dags/example_external_task_marker_dag.py                                                  2           0  0.06s           2024-03-06T05:12:12
/home/airflow/.local/lib/python3.11/site-packages/airflow/example_dags/example_python_decorator.py                                                          1           0  0.06s           2024-03-06T05:12:12
/home/airflow/.local/lib/python3.11/site-packages/airflow/example_dags/example_params_ui_tutorial.py                                                        1           0  0.06s           2024-03-06T05:12:10
/home/airflow/.local/lib/python3.11/site-packages/airflow/example_dags/example_kubernetes_executor.py                                                       1           0  0.06s           2024-03-06T05:12:13
/home/airflow/.local/lib/python3.11/site-packages/airflow/example_dags/example_complex.py                                                                   1           0  0.06s           2024-03-06T05:12:10
/home/airflow/.local/lib/python3.11/site-packages/airflow/example_dags/plugins/listener_plugin.py                                                           0           0  0.04s           2024-03-06T05:12:13
/home/airflow/.local/lib/python3.11/site-packages/airflow/example_dags/subdags/subdag.py                                                                    0           0  0.03s           2024-03-06T05:12:13
/home/airflow/.local/lib/python3.11/site-packages/airflow/example_dags/plugins/event_listener.py                                                            0           0  0.03s           2024-03-06T05:12:13
================================================================================
[2024-03-06T05:13:08.150+0000] {manager.py:451} INFO - Exiting gracefully upon receiving signal 15
[2024-03-06T05:13:47.252+0000] {manager.py:469} INFO - Processing files using up to 2 processes at a time 
[2024-03-06T05:13:47.253+0000] {manager.py:470} INFO - Process each file at most once every 30 seconds
[2024-03-06T05:13:47.254+0000] {manager.py:471} INFO - Checking for new files in /opt/airflow/dags every 300 seconds
[2024-03-06T05:13:47.255+0000] {manager.py:738} INFO - Searching for files in /opt/airflow/dags
[2024-03-06T05:13:47.256+0000] {manager.py:741} INFO - There are 0 files in /opt/airflow/dags
[2024-03-06T05:18:47.704+0000] {manager.py:738} INFO - Searching for files in /opt/airflow/dags
[2024-03-06T05:18:47.713+0000] {manager.py:741} INFO - There are 0 files in /opt/airflow/dags
[2024-03-06T05:23:48.526+0000] {manager.py:738} INFO - Searching for files in /opt/airflow/dags
[2024-03-06T05:23:48.540+0000] {manager.py:741} INFO - There are 0 files in /opt/airflow/dags
[2024-03-06T05:28:49.098+0000] {manager.py:738} INFO - Searching for files in /opt/airflow/dags
[2024-03-06T05:28:49.106+0000] {manager.py:741} INFO - There are 0 files in /opt/airflow/dags
[2024-03-06T05:33:50.006+0000] {manager.py:738} INFO - Searching for files in /opt/airflow/dags
[2024-03-06T05:33:50.019+0000] {manager.py:741} INFO - There are 0 files in /opt/airflow/dags
[2024-03-06T05:38:50.820+0000] {manager.py:738} INFO - Searching for files in /opt/airflow/dags
[2024-03-06T05:38:50.834+0000] {manager.py:741} INFO - There are 0 files in /opt/airflow/dags
